<?xml version="1.0" encoding="UTF-8"?>
<!-- Generated by org.testng.reporters.JUnitXMLReporter -->
<testsuite ignored="5" hostname="vinaypatil" failures="0" tests="3" name="Test" time="0.103" errors="0" timestamp="2024-04-22T14:53:37 IST">
  <testcase classname="grouping.Group1" name="a" time="0.022"/>
  <testcase classname="grouping.Group1" name="b" time="0.004"/>
  <testcase classname="grouping.Group3" name="h" time="0.002"/>
  <testcase classname="grouping.Group2" name="e" time="0.0">
    <ignored/>
  </testcase> <!-- e -->
  <testcase classname="grouping.Group2" name="d" time="0.0">
    <ignored/>
  </testcase> <!-- d -->
  <testcase classname="grouping.Group3" name="f" time="0.0">
    <ignored/>
  </testcase> <!-- f -->
  <testcase classname="grouping.Group1" name="c" time="0.0">
    <ignored/>
  </testcase> <!-- c -->
  <testcase classname="grouping.Group3" name="g" time="0.0">
    <ignored/>
  </testcase> <!-- g -->
</testsuite> <!-- Test -->
